<?xml version="1.0" encoding="UTF-8"?>
<!-- Generated by org.testng.reporters.JUnitReportReporter -->
<testsuite skipped="0" hostname="Pavithra" name="getRequest.GetData" tests="3" failures="0" timestamp="2020-09-20T20:10:17 BST" time="4.228" errors="0">
  <testcase name="getLocation" time="3.882" classname="getRequest.GetData"/>
  <system-out/>
  <testcase name="testResponseCode" time="0.170" classname="getRequest.GetData"/>
  <system-out/>
  <testcase name="responseTime" time="0.176" classname="getRequest.GetData"/>
  <system-out/>
</testsuite> <!-- getRequest.GetData -->
